<?xml version="1.0" encoding="UTF-8"?>
<testng-results ignored="0" total="1" passed="1" failed="0" skipped="0">
  <reporter-output>
  </reporter-output>
  <suite started-at="2024-02-11T19:57:41 IST" name="Surefire suite" finished-at="2024-02-11T19:58:05 IST" duration-ms="23406">
    <groups>
    </groups>
    <test started-at="2024-02-11T19:57:41 IST" name="Surefire test" finished-at="2024-02-11T19:58:05 IST" duration-ms="23406">
      <class name="LoginTest.LogintestcasesTest">
        <test-method is-config="true" signature="setup()[pri:0, instance:LoginTest.LogintestcasesTest@4a7f959b]" started-at="2024-02-11T19:57:41 IST" name="setup" finished-at="2024-02-11T19:57:55 IST" duration-ms="13287" status="PASS">
          <reporter-output>
          </reporter-output>
        </test-method> <!-- setup -->
        <test-method signature="loginit()[pri:0, instance:LoginTest.LogintestcasesTest@4a7f959b]" started-at="2024-02-11T19:57:55 IST" name="loginit" finished-at="2024-02-11T19:58:05 IST" duration-ms="9928" status="PASS">
          <reporter-output>
          </reporter-output>
        </test-method> <!-- loginit -->
      </class> <!-- LoginTest.LogintestcasesTest -->
    </test> <!-- Surefire test -->
  </suite> <!-- Surefire suite -->
</testng-results>
