<?xml version="1.0" encoding="UTF-8"?>
<testng-results ignored="0" total="1" passed="1" failed="0" skipped="0">
  <reporter-output>
  </reporter-output>
  <suite started-at="2024-02-11T20:37:41 IST" name="Default suite" finished-at="2024-02-11T20:38:15 IST" duration-ms="33862">
    <groups>
    </groups>
    <test started-at="2024-02-11T20:37:41 IST" name="Default test" finished-at="2024-02-11T20:38:15 IST" duration-ms="33862">
      <class name="LoginTest.LogintestcasesTest">
        <test-method is-config="true" signature="setup()[pri:0, instance:LoginTest.LogintestcasesTest@3f91b517]" started-at="2024-02-11T20:37:41 IST" name="setup" finished-at="2024-02-11T20:38:02 IST" duration-ms="21225" status="PASS">
          <reporter-output>
          </reporter-output>
        </test-method> <!-- setup -->
        <test-method signature="loginit()[pri:0, instance:LoginTest.LogintestcasesTest@3f91b517]" started-at="2024-02-11T20:38:02 IST" name="loginit" finished-at="2024-02-11T20:38:15 IST" duration-ms="12465" status="PASS">
          <reporter-output>
          </reporter-output>
        </test-method> <!-- loginit -->
      </class> <!-- LoginTest.LogintestcasesTest -->
    </test> <!-- Default test -->
  </suite> <!-- Default suite -->
</testng-results>
